<?xml version="1.0" encoding="UTF-8"?>
<!-- Generated by org.testng.reporters.JUnitReportReporter -->
<testsuite hostname="inspiron" failures="0" tests="1" name="tests.RegistrationTests" time="2.549" errors="0" timestamp="2024-12-11T21:38:47 GMT" skipped="0">
  <testcase classname="tests.RegistrationTests" name="navigateToSignInPage" time="2.549"/>
</testsuite> <!-- tests.RegistrationTests -->
