<?xml version="1.0" encoding="UTF-8"?>
<!-- Generated by org.testng.reporters.JUnitReportReporter -->
<testsuite hostname="inspiron" failures="0" tests="1" name="tests.RegisterTests" time="16.538" errors="0" timestamp="2024-12-08T17:56:24 GMT" skipped="0">
  <testcase classname="tests.RegisterTests" name="registerNewUser" time="16.538"/>
</testsuite> <!-- tests.RegisterTests -->
