<?xml version="1.0" encoding="UTF-8"?>
<!-- Generated by org.testng.reporters.JUnitReportReporter -->
<testsuite hostname="inspiron" failures="0" tests="1" name="tests.RegistrationTests" time="11.105" errors="0" timestamp="2024-12-18T21:37:03 GMT" skipped="0">
  <testcase classname="tests.RegistrationTests" name="registerNewUser" time="11.105"/>
</testsuite> <!-- tests.RegistrationTests -->
