<?xml version="1.0" encoding="UTF-8"?>
<!-- Generated by org.testng.reporters.JUnitReportReporter -->
<testsuite hostname="inspiron" failures="0" tests="1" name="tests.RegistrationTests" time="3.249" errors="0" timestamp="2024-12-11T20:47:39 GMT" skipped="0">
  <testcase classname="tests.RegistrationTests" name="navigateToSignInPage" time="3.249"/>
</testsuite> <!-- tests.RegistrationTests -->
