<?xml version="1.0" encoding="UTF-8"?>
<!-- Generated by org.testng.reporters.JUnitReportReporter -->
<testsuite hostname="inspiron" failures="0" tests="1" name="tests.RegistrationTests" time="2.354" errors="0" timestamp="2024-12-13T20:55:37 GMT" skipped="0">
  <testcase classname="tests.RegistrationTests" name="navigateToSignInPage" time="2.354"/>
</testsuite> <!-- tests.RegistrationTests -->
